-------------------------------------------------------------------------------
Test set: example.TestExampleExt
-------------------------------------------------------------------------------
Tests run: 4, Failures: 1, Errors: 0, Skipped: 0, Time elapsed: 0.089 s <<< FAILURE! - in example.TestExampleExt
testR8(example.TestExampleExt)  Time elapsed: 0.009 s  <<< FAILURE!
java.lang.AssertionError: Builder did not return any system.
	at example.TestExampleExt.testR8(TestExampleExt.java:109)

